<?xml version="1.0" encoding="utf-8"?>
<shfbBuild product="Sandcastle Help File Builder" version="2015.1.12.0" projectFile="c:\users\robert\documents\visual studio 2013\Projects\Engi-3675 Project 1\Documentation1\Documentation1.shfbproj" started="3/10/2015 12:59:26 AM">
<buildStep step="Initializing">
Finding tools...
The Sandcastle tools are located in &#39;C:\Program Files (x86)\EWSoftware\Sandcastle Help File Builder\&#39;
Searching for HTML Help 1 compiler...
Found HTML Help 1 compiler in &#39;C:\Program Files (x86)\HTML Help Workshop\&#39;
Locating components in the following folder(s):
   c:\users\robert\documents\visual studio 2013\Projects\Engi-3675 Project 1\Documentation1
Using presentation style &#39;VS2013&#39; located in &#39;C:\Program Files (x86)\EWSoftware\Sandcastle Help File Builder\PresentationStyles\VS2013&#39;
Loading and initializing plug-ins...
Lightweight Website Style Version 2015.1.12.0
Copyright &#169; 2006-2015, Eric Woodruff, All Rights Reserved
Portions Copyright &#169; 2014, Sam Harwell, All Rights Reserved
</buildStep>
<buildStep step="ValidatingDocumentationSources">
Validating and copying documentation source information
Source: c:\users\robert\documents\visual studio 2013\Projects\Engi-3675 Project 1\Engi-3675 Project 1\Engi3675_Project1.csproj
    Found project &#39;c:\users\robert\documents\visual studio 2013\Projects\Engi-3675 Project 1\Engi-3675 Project 1\Engi3675_Project1.csproj&#39;
Source: c:\users\robert\documents\visual studio 2013\Projects\Engi-3675 Project 1\Engi3675Project1Tests\Engi3675Project1Tests.csproj
    Found project &#39;c:\users\robert\documents\visual studio 2013\Projects\Engi-3675 Project 1\Engi3675Project1Tests\Engi3675Project1Tests.csproj&#39;

Parsing project files
    Found assembly &#39;c:\users\robert\documents\visual studio 2013\Projects\Engi-3675 Project 1\Engi-3675 Project 1\bin\Engi-3675 Project 1.dll&#39;
    Last step completed in 00:00:00.0624
</buildStep>
<buildStep step="Failed">

SHFB: Error BE0041: Project XML comments file does not exist: c:\users\robert\documents\visual studio 2013\Projects\Engi-3675 Project 1\Engi-3675 Project 1\bin\Engi-3675 Project 1.XML
   at SandcastleBuilder.Utils.BuildEngine.BuildProcess.ValidateDocumentationSources()
   at SandcastleBuilder.Utils.BuildEngine.BuildProcess.Build()

</buildStep>
</shfbBuild>
